Using pre-set license
Built from '2020.3/staging' branch; Version is '2020.3.11f1 (99c7afb366b3) revision 10078127'; Using compiler version '192528614'; Build Type 'Release'
OS: 'Windows 10 Pro; OS build 19042.985; Version 2009; 64bit' Language: 'zh' Physical Memory: 16268 MB
BatchMode: 1, IsHumanControllingUs: 0, StartBugReporterOnCrash: 0, Is64bit: 1, IsPro: 0

 COMMAND LINE ARGUMENTS:
C:\Program Files\Unity\Hub\Editor\2020.3.11f1\Editor\Unity.exe
-adb2
-batchMode
-noUpm
-name
AssetImportWorker0
-projectPath
D:/Computer Science/Course/IOS/ios_game
-logFile
Logs/AssetImportWorker0.log
-srvPort
11534
Successfully changed project path to: D:/Computer Science/Course/IOS/ios_game
D:/Computer Science/Course/IOS/ios_game
Using Asset Import Pipeline V2.
Refreshing native plugins compatible for Editor in 377.84 ms, found 3 plugins.
Preloading 0 native plugins for Editor in 0.00 ms.
Initialize engine version: 2020.3.11f1 (99c7afb366b3)
[Subsystems] Discovering subsystems at path C:/Program Files/Unity/Hub/Editor/2020.3.11f1/Editor/Data/Resources/UnitySubsystems
[Subsystems] Discovering subsystems at path D:/Computer Science/Course/IOS/ios_game/Assets
GfxDevice: creating device client; threaded=0
Direct3D:
    Version:  Direct3D 11.0 [level 11.1]
    Renderer: NVIDIA GeForce GTX 1060 (ID=0x1c20)
    Vendor:   
    VRAM:     6052 MB
    Driver:   27.21.14.6663
Initialize mono
Mono path[0] = 'C:/Program Files/Unity/Hub/Editor/2020.3.11f1/Editor/Data/Managed'
Mono path[1] = 'C:/Program Files/Unity/Hub/Editor/2020.3.11f1/Editor/Data/MonoBleedingEdge/lib/mono/unityjit'
Mono config path = 'C:/Program Files/Unity/Hub/Editor/2020.3.11f1/Editor/Data/MonoBleedingEdge/etc'
Using monoOptions --debugger-agent=transport=dt_socket,embedding=1,server=y,suspend=n,address=127.0.0.1:56620
Begin MonoManager ReloadAssembly
Registering precompiled unity dll's ...
Register platform support module: C:/Program Files/Unity/Hub/Editor/2020.3.11f1/Editor/Data/PlaybackEngines/WebGLSupport/UnityEditor.WebGL.Extensions.dll
Register platform support module: C:/Program Files/Unity/Hub/Editor/2020.3.11f1/Editor/Data/PlaybackEngines/WindowsStandaloneSupport/UnityEditor.WindowsStandalone.Extensions.dll
Registered in 0.003199 seconds.
Native extension for WindowsStandalone target not found
Native extension for WebGL target not found
Refreshing native plugins compatible for Editor in 56.14 ms, found 3 plugins.
Preloading 0 native plugins for Editor in 0.00 ms.
Mono: successfully reloaded assembly
- Completed reload, in  1.646 seconds
Platform modules already initialized, skipping
Registering precompiled user dll's ...
Registered in 0.118213 seconds.
Begin MonoManager ReloadAssembly
Native extension for WindowsStandalone target not found
Native extension for WebGL target not found
Refreshing native plugins compatible for Editor in 66.51 ms, found 3 plugins.
Preloading 0 native plugins for Editor in 0.00 ms.
Mono: successfully reloaded assembly
- Completed reload, in  1.810 seconds
Platform modules already initialized, skipping
========================================================================
Worker process is ready to serve import requests
Launched and connected shader compiler UnityShaderCompiler.exe after 0.08 seconds
Refreshing native plugins compatible for Editor in 0.77 ms, found 3 plugins.
Preloading 0 native plugins for Editor in 0.00 ms.
Unloading 2190 Unused Serialized files (Serialized files now loaded: 0)
System memory in use before: 98.2 MB.
System memory in use after: 98.3 MB.

Unloading 41 unused Assets to reduce memory usage. Loaded Objects now: 2616.
Total: 4.859900 ms (FindLiveObjects: 0.246700 ms CreateObjectMapping: 0.143700 ms MarkObjects: 4.381400 ms  DeleteObjects: 0.086300 ms)

========================================================================
Received Import Request.
  path: Assets/Resources/Prefab/Floor.prefab
  artifactKey: Guid(0285b2ea982b7d843bec41ec498fdd9d) Importer(815301076,1909f56bfc062723c751e8b465ee728b)
Start importing Assets/Resources/Prefab/Floor.prefab using Guid(0285b2ea982b7d843bec41ec498fdd9d) Importer(815301076,1909f56bfc062723c751e8b465ee728b)  -> (artifact id: '3c69c4ccd402a95be620f0ec43632848') in 0.246333 seconds
  Import took 0.278838 seconds .

========================================================================
Received Import Request.
  Time since last request: 202.291616 seconds.
  path: Assets/Resources/Prefab/Player.prefab
  artifactKey: Guid(4e49d4f0c49502146bf9a5c105dbc894) Importer(815301076,1909f56bfc062723c751e8b465ee728b)
Start importing Assets/Resources/Prefab/Player.prefab using Guid(4e49d4f0c49502146bf9a5c105dbc894) Importer(815301076,1909f56bfc062723c751e8b465ee728b)  -> (artifact id: 'f4d48170713539971c8299dce497b5cc') in 0.021225 seconds
  Import took 0.028311 seconds .

========================================================================
Received Import Request.
  Time since last request: 12.169496 seconds.
  path: Assets/Resources/Prefab/Enemy.prefab
  artifactKey: Guid(abcf9ff2253f1494eb396216fcbf3421) Importer(815301076,1909f56bfc062723c751e8b465ee728b)
Start importing Assets/Resources/Prefab/Enemy.prefab using Guid(abcf9ff2253f1494eb396216fcbf3421) Importer(815301076,1909f56bfc062723c751e8b465ee728b)  -> (artifact id: '01379a8dd2aca208e382352e8ed1229b') in 0.022228 seconds
  Import took 0.028497 seconds .

========================================================================
Received Prepare
Registering precompiled user dll's ...
Registered in 0.005255 seconds.
Begin MonoManager ReloadAssembly
Native extension for WindowsStandalone target not found
Native extension for WebGL target not found
Refreshing native plugins compatible for Editor in 0.63 ms, found 3 plugins.
Preloading 0 native plugins for Editor in 0.00 ms.
Mono: successfully reloaded assembly
- Completed reload, in  1.286 seconds
Platform modules already initialized, skipping
Switching build target platform(19) subTarget(0) extendedPlatform(0) -> platform(9) subTarget(16777218) extendedPlatform(0)
Refreshing native plugins compatible for Editor in 0.61 ms, found 3 plugins.
Preloading 0 native plugins for Editor in 0.00 ms.
Unloading 2183 Unused Serialized files (Serialized files now loaded: 0)
System memory in use before: 100.7 MB.
System memory in use after: 100.8 MB.

Unloading 29 unused Assets to reduce memory usage. Loaded Objects now: 2627.
Total: 3.156500 ms (FindLiveObjects: 0.225300 ms CreateObjectMapping: 0.092500 ms MarkObjects: 2.770300 ms  DeleteObjects: 0.066900 ms)

AssetImportParameters requested are different than current active one (requested -> active):
  custom:graphics/normal-map-encoding: 01000000000000000000000000000000 -> 02000000000000000000000000000000
========================================================================
Received Prepare
Refreshing native plugins compatible for Editor in 8.93 ms, found 3 plugins.
Preloading 0 native plugins for Editor in 0.00 ms.
Unloading 27 Unused Serialized files (Serialized files now loaded: 0)
System memory in use before: 58.1 MB.
System memory in use after: 58.2 MB.

Unloading 27 unused Assets to reduce memory usage. Loaded Objects now: 2627.
Total: 3.394600 ms (FindLiveObjects: 0.291800 ms CreateObjectMapping: 0.198100 ms MarkObjects: 2.841400 ms  DeleteObjects: 0.061800 ms)

========================================================================
Received Prepare
Refreshing native plugins compatible for Editor in 9.73 ms, found 3 plugins.
Preloading 0 native plugins for Editor in 0.00 ms.
Unloading 27 Unused Serialized files (Serialized files now loaded: 0)
System memory in use before: 58.1 MB.
System memory in use after: 58.2 MB.

Unloading 27 unused Assets to reduce memory usage. Loaded Objects now: 2627.
Total: 3.529700 ms (FindLiveObjects: 0.424000 ms CreateObjectMapping: 0.242700 ms MarkObjects: 2.834300 ms  DeleteObjects: 0.027100 ms)

AssetImportWorkerClient::OnTransportError - code=2 error=End of file
