Using pre-set license
Built from '2020.3/staging' branch; Version is '2020.3.11f1 (99c7afb366b3) revision 10078127'; Using compiler version '192528614'; Build Type 'Release'
OS: 'Windows 10 Pro; OS build 19042.985; Version 2009; 64bit' Language: 'zh' Physical Memory: 16268 MB
BatchMode: 1, IsHumanControllingUs: 0, StartBugReporterOnCrash: 0, Is64bit: 1, IsPro: 0

 COMMAND LINE ARGUMENTS:
C:\Program Files\Unity\Hub\Editor\2020.3.11f1\Editor\Unity.exe
-adb2
-batchMode
-noUpm
-name
AssetImportWorker0
-projectPath
D:/Computer Science/Course/IOS/ios_game
-logFile
Logs/AssetImportWorker0.log
-srvPort
13680
Successfully changed project path to: D:/Computer Science/Course/IOS/ios_game
D:/Computer Science/Course/IOS/ios_game
Using Asset Import Pipeline V2.
Refreshing native plugins compatible for Editor in 61.59 ms, found 3 plugins.
Preloading 0 native plugins for Editor in 0.00 ms.
Initialize engine version: 2020.3.11f1 (99c7afb366b3)
[Subsystems] Discovering subsystems at path C:/Program Files/Unity/Hub/Editor/2020.3.11f1/Editor/Data/Resources/UnitySubsystems
[Subsystems] Discovering subsystems at path D:/Computer Science/Course/IOS/ios_game/Assets
GfxDevice: creating device client; threaded=0
Direct3D:
    Version:  Direct3D 11.0 [level 11.1]
    Renderer: NVIDIA GeForce GTX 1060 (ID=0x1c20)
    Vendor:   
    VRAM:     6052 MB
    Driver:   27.21.14.6663
Initialize mono
Mono path[0] = 'C:/Program Files/Unity/Hub/Editor/2020.3.11f1/Editor/Data/Managed'
Mono path[1] = 'C:/Program Files/Unity/Hub/Editor/2020.3.11f1/Editor/Data/MonoBleedingEdge/lib/mono/unityjit'
Mono config path = 'C:/Program Files/Unity/Hub/Editor/2020.3.11f1/Editor/Data/MonoBleedingEdge/etc'
Using monoOptions --debugger-agent=transport=dt_socket,embedding=1,server=y,suspend=n,address=127.0.0.1:56172
Begin MonoManager ReloadAssembly
Registering precompiled unity dll's ...
Register platform support module: C:/Program Files/Unity/Hub/Editor/2020.3.11f1/Editor/Data/PlaybackEngines/WebGLSupport/UnityEditor.WebGL.Extensions.dll
Register platform support module: C:/Program Files/Unity/Hub/Editor/2020.3.11f1/Editor/Data/PlaybackEngines/WindowsStandaloneSupport/UnityEditor.WindowsStandalone.Extensions.dll
Registered in 0.002729 seconds.
Native extension for WindowsStandalone target not found
Native extension for WebGL target not found
Refreshing native plugins compatible for Editor in 50.57 ms, found 3 plugins.
Preloading 0 native plugins for Editor in 0.00 ms.
Mono: successfully reloaded assembly
- Completed reload, in  1.496 seconds
Platform modules already initialized, skipping
Registering precompiled user dll's ...
Registered in 0.004657 seconds.
Begin MonoManager ReloadAssembly
Native extension for WindowsStandalone target not found
Native extension for WebGL target not found
Refreshing native plugins compatible for Editor in 44.44 ms, found 3 plugins.
Preloading 0 native plugins for Editor in 0.00 ms.
Mono: successfully reloaded assembly
- Completed reload, in  1.329 seconds
Platform modules already initialized, skipping
========================================================================
Worker process is ready to serve import requests
Launched and connected shader compiler UnityShaderCompiler.exe after 0.06 seconds
Refreshing native plugins compatible for Editor in 0.54 ms, found 3 plugins.
Preloading 0 native plugins for Editor in 0.00 ms.
Unloading 2190 Unused Serialized files (Serialized files now loaded: 0)
System memory in use before: 98.2 MB.
System memory in use after: 98.3 MB.

Unloading 41 unused Assets to reduce memory usage. Loaded Objects now: 2616.
Total: 2.870300 ms (FindLiveObjects: 0.230600 ms CreateObjectMapping: 0.134100 ms MarkObjects: 2.370300 ms  DeleteObjects: 0.134300 ms)

========================================================================
Received Import Request.
  path: Assets/Resources/Image/rules.png
  artifactKey: Guid(556170f9c0ea12744b6c5817ec8d3493) Importer(815301076,1909f56bfc062723c751e8b465ee728b)
Start importing Assets/Resources/Image/rules.png using Guid(556170f9c0ea12744b6c5817ec8d3493) Importer(815301076,1909f56bfc062723c751e8b465ee728b)  -> (artifact id: 'c667b459a2d9eaa3e8e42c8febf8346f') in 0.180884 seconds
  Import took 0.190423 seconds .

========================================================================
Received Import Request.
  Time since last request: 0.000414 seconds.
  path: Assets/Resources/Image/Begin.png
  artifactKey: Guid(32ae3b01b53808c4784e2ce8db4bb43b) Importer(815301076,1909f56bfc062723c751e8b465ee728b)
Start importing Assets/Resources/Image/Begin.png using Guid(32ae3b01b53808c4784e2ce8db4bb43b) Importer(815301076,1909f56bfc062723c751e8b465ee728b)  -> (artifact id: '6c77eabb0fdff3a8f987911102ec065c') in 0.024064 seconds
  Import took 0.029146 seconds .

========================================================================
Received Import Request.
  Time since last request: 0.004576 seconds.
  path: Assets/Resources/Image/Begin.png
  artifactKey: Guid(32ae3b01b53808c4784e2ce8db4bb43b) Importer(815301076,1909f56bfc062723c751e8b465ee728b)
Start importing Assets/Resources/Image/Begin.png using Guid(32ae3b01b53808c4784e2ce8db4bb43b) Importer(815301076,1909f56bfc062723c751e8b465ee728b)  -> (artifact id: '6c77eabb0fdff3a8f987911102ec065c') in 0.020343 seconds
  Import took 0.024540 seconds .

========================================================================
Received Import Request.
  Time since last request: 11.772448 seconds.
  path: Assets/Resources/Image/leftButton.jpg
  artifactKey: Guid(a3f1f9498ad2b7c44b220e37887fe973) Importer(815301076,1909f56bfc062723c751e8b465ee728b)
Start importing Assets/Resources/Image/leftButton.jpg using Guid(a3f1f9498ad2b7c44b220e37887fe973) Importer(815301076,1909f56bfc062723c751e8b465ee728b)  -> (artifact id: '239698fc4ca2b7f939b9cf77b2f87287') in 0.025250 seconds
  Import took 0.029923 seconds .

========================================================================
Received Import Request.
  Time since last request: 1.763927 seconds.
  path: Assets/Resources/Image/jumpButton.jpg
  artifactKey: Guid(04aaef78a4510374db156a3c9c064f26) Importer(815301076,1909f56bfc062723c751e8b465ee728b)
Start importing Assets/Resources/Image/jumpButton.jpg using Guid(04aaef78a4510374db156a3c9c064f26) Importer(815301076,1909f56bfc062723c751e8b465ee728b)  -> (artifact id: 'ace57a6458bc91666ce275f571266461') in 0.022165 seconds
  Import took 0.026398 seconds .

========================================================================
Received Import Request.
  Time since last request: 2.259986 seconds.
  path: Assets/Resources/Image/rightButton.jpg
  artifactKey: Guid(b86f97e415428c34b8891b0fa8e665e5) Importer(815301076,1909f56bfc062723c751e8b465ee728b)
Start importing Assets/Resources/Image/rightButton.jpg using Guid(b86f97e415428c34b8891b0fa8e665e5) Importer(815301076,1909f56bfc062723c751e8b465ee728b)  -> (artifact id: '63ce3c414ce1b06e834f4e1c94a1dee4') in 0.120259 seconds
  Import took 0.124318 seconds .

========================================================================
Received Import Request.
  Time since last request: 170.583968 seconds.
  path: Assets/Resources/Image/jumpButton-removebg-preview.png
  artifactKey: Guid(2c01cfe1377eb224cb92642b30f9f9ac) Importer(815301076,1909f56bfc062723c751e8b465ee728b)
Start importing Assets/Resources/Image/jumpButton-removebg-preview.png using Guid(2c01cfe1377eb224cb92642b30f9f9ac) Importer(815301076,1909f56bfc062723c751e8b465ee728b)  -> (artifact id: 'fae883c5968eb63e7ff674ab0f9bf4e6') in 0.015538 seconds
  Import took 0.019939 seconds .

========================================================================
Received Import Request.
  Time since last request: 0.000329 seconds.
  path: Assets/Resources/Image/leftButton-removebg-preview.png
  artifactKey: Guid(121b97f210f17af48ac39b9509b0bd4b) Importer(815301076,1909f56bfc062723c751e8b465ee728b)
Start importing Assets/Resources/Image/leftButton-removebg-preview.png using Guid(121b97f210f17af48ac39b9509b0bd4b) Importer(815301076,1909f56bfc062723c751e8b465ee728b)  -> (artifact id: 'edb394ed0a75f0b85e35331edf6cd46f') in 0.019151 seconds
  Import took 0.027849 seconds .

========================================================================
Received Import Request.
  Time since last request: 0.000274 seconds.
  path: Assets/Resources/Image/jumpButton-removebg-preview.png
  artifactKey: Guid(2c01cfe1377eb224cb92642b30f9f9ac) Importer(815301076,1909f56bfc062723c751e8b465ee728b)
Start importing Assets/Resources/Image/jumpButton-removebg-preview.png using Guid(2c01cfe1377eb224cb92642b30f9f9ac) Importer(815301076,1909f56bfc062723c751e8b465ee728b)  -> (artifact id: 'fae883c5968eb63e7ff674ab0f9bf4e6') in 0.015124 seconds
  Import took 0.019194 seconds .

========================================================================
Received Import Request.
  Time since last request: 0.000263 seconds.
  path: Assets/Resources/Image/leftButton-removebg-preview.png
  artifactKey: Guid(121b97f210f17af48ac39b9509b0bd4b) Importer(815301076,1909f56bfc062723c751e8b465ee728b)
Start importing Assets/Resources/Image/leftButton-removebg-preview.png using Guid(121b97f210f17af48ac39b9509b0bd4b) Importer(815301076,1909f56bfc062723c751e8b465ee728b)  -> (artifact id: 'edb394ed0a75f0b85e35331edf6cd46f') in 0.014167 seconds
  Import took 0.017724 seconds .

========================================================================
Received Import Request.
  Time since last request: 2.197582 seconds.
  path: Assets/Resources/Image/rightButton-removebg-preview.png
  artifactKey: Guid(408c9f610478d6c479e3506edf0dc67f) Importer(815301076,1909f56bfc062723c751e8b465ee728b)
Start importing Assets/Resources/Image/rightButton-removebg-preview.png using Guid(408c9f610478d6c479e3506edf0dc67f) Importer(815301076,1909f56bfc062723c751e8b465ee728b)  -> (artifact id: 'd745ebe3c4c531b829289304f65044e4') in 0.019787 seconds
  Import took 0.025564 seconds .

========================================================================
Received Prepare
Registering precompiled user dll's ...
Registered in 0.004554 seconds.
Begin MonoManager ReloadAssembly
Native extension for WindowsStandalone target not found
Native extension for WebGL target not found
Refreshing native plugins compatible for Editor in 0.55 ms, found 3 plugins.
Preloading 0 native plugins for Editor in 0.00 ms.
Mono: successfully reloaded assembly
- Completed reload, in  1.190 seconds
Platform modules already initialized, skipping
Switching build target platform(19) subTarget(0) extendedPlatform(0) -> platform(9) subTarget(16777218) extendedPlatform(0)
Refreshing native plugins compatible for Editor in 0.70 ms, found 3 plugins.
Preloading 0 native plugins for Editor in 0.00 ms.
Unloading 2183 Unused Serialized files (Serialized files now loaded: 0)
System memory in use before: 100.6 MB.
System memory in use after: 100.8 MB.

Unloading 29 unused Assets to reduce memory usage. Loaded Objects now: 2632.
Total: 2.943500 ms (FindLiveObjects: 0.217800 ms CreateObjectMapping: 0.083400 ms MarkObjects: 2.547900 ms  DeleteObjects: 0.092600 ms)

AssetImportParameters requested are different than current active one (requested -> active):
  custom:graphics/normal-map-encoding: 01000000000000000000000000000000 -> 02000000000000000000000000000000
========================================================================
Received Prepare
Registering precompiled user dll's ...
Registered in 0.004385 seconds.
Begin MonoManager ReloadAssembly
Native extension for WindowsStandalone target not found
Native extension for WebGL target not found
Refreshing native plugins compatible for Editor in 0.55 ms, found 3 plugins.
Preloading 0 native plugins for Editor in 0.00 ms.
Mono: successfully reloaded assembly
- Completed reload, in  1.193 seconds
Platform modules already initialized, skipping
Switching build target platform(19) subTarget(0) extendedPlatform(0) -> platform(9) subTarget(16777218) extendedPlatform(0)
Refreshing native plugins compatible for Editor in 0.55 ms, found 3 plugins.
Preloading 0 native plugins for Editor in 0.00 ms.
Unloading 2183 Unused Serialized files (Serialized files now loaded: 0)
System memory in use before: 100.7 MB.
System memory in use after: 100.8 MB.

Unloading 29 unused Assets to reduce memory usage. Loaded Objects now: 2636.
Total: 2.673400 ms (FindLiveObjects: 0.219300 ms CreateObjectMapping: 0.086800 ms MarkObjects: 2.193900 ms  DeleteObjects: 0.171900 ms)

AssetImportParameters requested are different than current active one (requested -> active):
  custom:graphics/normal-map-encoding: 01000000000000000000000000000000 -> 02000000000000000000000000000000
========================================================================
Received Import Request.
  Time since last request: 254.748161 seconds.
  path: Assets/Resources/Image/nemo.png
  artifactKey: Guid(1b00ee7da3c5fe74581ca065d5c3b11e) Importer(815301076,1909f56bfc062723c751e8b465ee728b)
Start importing Assets/Resources/Image/nemo.png using Guid(1b00ee7da3c5fe74581ca065d5c3b11e) Importer(815301076,1909f56bfc062723c751e8b465ee728b)  -> (artifact id: '939feb5480361f2ba5189caa8ef93235') in 0.087509 seconds
  Import took 0.092342 seconds .

========================================================================
Received Import Request.
  Time since last request: 54.557567 seconds.
  path: Assets/Resources/Image/nemo.png
  artifactKey: Guid(1b00ee7da3c5fe74581ca065d5c3b11e) Importer(815301076,1909f56bfc062723c751e8b465ee728b)
Start importing Assets/Resources/Image/nemo.png using Guid(1b00ee7da3c5fe74581ca065d5c3b11e) Importer(815301076,1909f56bfc062723c751e8b465ee728b)  -> (artifact id: '724368821dc5db59e7ae09b927281e32') in 0.018843 seconds
  Import took 0.023429 seconds .

========================================================================
Received Import Request.
  Time since last request: 0.013284 seconds.
  path: Assets/Resources/Image/nemo.png
  artifactKey: Guid(1b00ee7da3c5fe74581ca065d5c3b11e) Importer(815301076,1909f56bfc062723c751e8b465ee728b)
Start importing Assets/Resources/Image/nemo.png using Guid(1b00ee7da3c5fe74581ca065d5c3b11e) Importer(815301076,1909f56bfc062723c751e8b465ee728b)  -> (artifact id: '724368821dc5db59e7ae09b927281e32') in 0.016014 seconds
  Import took 0.020232 seconds .

========================================================================
Received Import Request.
  Time since last request: 8.075712 seconds.
  path: Assets/Resources/Image/nemo.png
  artifactKey: Guid(1b00ee7da3c5fe74581ca065d5c3b11e) Importer(815301076,1909f56bfc062723c751e8b465ee728b)
Start importing Assets/Resources/Image/nemo.png using Guid(1b00ee7da3c5fe74581ca065d5c3b11e) Importer(815301076,1909f56bfc062723c751e8b465ee728b)  -> (artifact id: 'c6beac3e2580289dfefb2c4ed3c3fa9c') in 0.016528 seconds
  Import took 0.021909 seconds .

========================================================================
Received Import Request.
  Time since last request: 0.014007 seconds.
  path: Assets/Resources/Image/nemo.png
  artifactKey: Guid(1b00ee7da3c5fe74581ca065d5c3b11e) Importer(815301076,1909f56bfc062723c751e8b465ee728b)
Start importing Assets/Resources/Image/nemo.png using Guid(1b00ee7da3c5fe74581ca065d5c3b11e) Importer(815301076,1909f56bfc062723c751e8b465ee728b)  -> (artifact id: 'c6beac3e2580289dfefb2c4ed3c3fa9c') in 0.015287 seconds
  Import took 0.019420 seconds .

========================================================================
Received Prepare
Registering precompiled user dll's ...
Registered in 0.004818 seconds.
Begin MonoManager ReloadAssembly
Native extension for WindowsStandalone target not found
Native extension for WebGL target not found
Refreshing native plugins compatible for Editor in 0.58 ms, found 3 plugins.
Preloading 0 native plugins for Editor in 0.00 ms.
Mono: successfully reloaded assembly
- Completed reload, in  1.196 seconds
Platform modules already initialized, skipping
Switching build target platform(19) subTarget(0) extendedPlatform(0) -> platform(9) subTarget(16777218) extendedPlatform(0)
Refreshing native plugins compatible for Editor in 0.56 ms, found 3 plugins.
Preloading 0 native plugins for Editor in 0.00 ms.
Unloading 2183 Unused Serialized files (Serialized files now loaded: 0)
System memory in use before: 100.7 MB.
System memory in use after: 100.8 MB.

Unloading 29 unused Assets to reduce memory usage. Loaded Objects now: 2643.
Total: 2.636200 ms (FindLiveObjects: 0.234100 ms CreateObjectMapping: 0.117400 ms MarkObjects: 2.239000 ms  DeleteObjects: 0.044500 ms)

AssetImportParameters requested are different than current active one (requested -> active):
  custom:graphics/normal-map-encoding: 01000000000000000000000000000000 -> 02000000000000000000000000000000
========================================================================
Received Import Request.
  Time since last request: 114.253628 seconds.
  path: Assets/Resources/Image/enemy.png
  artifactKey: Guid(6ce35a7c094a47d4e837b0cf3763cbb1) Importer(815301076,1909f56bfc062723c751e8b465ee728b)
Start importing Assets/Resources/Image/enemy.png using Guid(6ce35a7c094a47d4e837b0cf3763cbb1) Importer(815301076,1909f56bfc062723c751e8b465ee728b)  -> (artifact id: '07d7bffae2a5bb48c4e0726da686aa7d') in 0.059505 seconds
  Import took 0.064167 seconds .

========================================================================
Received Import Request.
  Time since last request: 2.746736 seconds.
  path: Assets/Resources/Prefab/Player.prefab
  artifactKey: Guid(4e49d4f0c49502146bf9a5c105dbc894) Importer(815301076,1909f56bfc062723c751e8b465ee728b)
Start importing Assets/Resources/Prefab/Player.prefab using Guid(4e49d4f0c49502146bf9a5c105dbc894) Importer(815301076,1909f56bfc062723c751e8b465ee728b)  -> (artifact id: '3006ef893a29999238a87df1bcc4c89d') in 0.083043 seconds
  Import took 0.087006 seconds .

========================================================================
Received Import Request.
  Time since last request: 19.711991 seconds.
  path: Assets/Resources/Image/enemy.png
  artifactKey: Guid(6ce35a7c094a47d4e837b0cf3763cbb1) Importer(815301076,1909f56bfc062723c751e8b465ee728b)
Start importing Assets/Resources/Image/enemy.png using Guid(6ce35a7c094a47d4e837b0cf3763cbb1) Importer(815301076,1909f56bfc062723c751e8b465ee728b)  -> (artifact id: '16be6f70cbf1db0a90008abcf8f21c3c') in 0.020772 seconds
  Import took 0.024817 seconds .

========================================================================
Received Import Request.
  Time since last request: 0.008164 seconds.
  path: Assets/Resources/Image/enemy.png
  artifactKey: Guid(6ce35a7c094a47d4e837b0cf3763cbb1) Importer(815301076,1909f56bfc062723c751e8b465ee728b)
Start importing Assets/Resources/Image/enemy.png using Guid(6ce35a7c094a47d4e837b0cf3763cbb1) Importer(815301076,1909f56bfc062723c751e8b465ee728b)  -> (artifact id: '16be6f70cbf1db0a90008abcf8f21c3c') in 0.015902 seconds
  Import took 0.021591 seconds .

========================================================================
Received Import Request.
  Time since last request: 5.576458 seconds.
  path: Assets/Resources/Image/enemy.png
  artifactKey: Guid(6ce35a7c094a47d4e837b0cf3763cbb1) Importer(815301076,1909f56bfc062723c751e8b465ee728b)
Start importing Assets/Resources/Image/enemy.png using Guid(6ce35a7c094a47d4e837b0cf3763cbb1) Importer(815301076,1909f56bfc062723c751e8b465ee728b)  -> (artifact id: '50b8d7bfdf38468b544e4ec0392caaa0') in 0.014987 seconds
  Import took 0.020372 seconds .

========================================================================
Received Import Request.
  Time since last request: 0.015925 seconds.
  path: Assets/Resources/Image/enemy.png
  artifactKey: Guid(6ce35a7c094a47d4e837b0cf3763cbb1) Importer(815301076,1909f56bfc062723c751e8b465ee728b)
Start importing Assets/Resources/Image/enemy.png using Guid(6ce35a7c094a47d4e837b0cf3763cbb1) Importer(815301076,1909f56bfc062723c751e8b465ee728b)  -> (artifact id: '50b8d7bfdf38468b544e4ec0392caaa0') in 0.018370 seconds
  Import took 0.022490 seconds .

========================================================================
Received Import Request.
  Time since last request: 44.220540 seconds.
  path: Assets/Resources/Prefab/Enemy.prefab
  artifactKey: Guid(abcf9ff2253f1494eb396216fcbf3421) Importer(815301076,1909f56bfc062723c751e8b465ee728b)
Start importing Assets/Resources/Prefab/Enemy.prefab using Guid(abcf9ff2253f1494eb396216fcbf3421) Importer(815301076,1909f56bfc062723c751e8b465ee728b)  -> (artifact id: '7ad7fc5a81ba856177c6657d26ad67e2') in 0.014931 seconds
  Import took 0.018789 seconds .

========================================================================
Received Prepare
Registering precompiled user dll's ...
Registered in 0.005992 seconds.
Begin MonoManager ReloadAssembly
Native extension for WindowsStandalone target not found
Native extension for WebGL target not found
Refreshing native plugins compatible for Editor in 0.59 ms, found 3 plugins.
Preloading 0 native plugins for Editor in 0.00 ms.
Mono: successfully reloaded assembly
- Completed reload, in  1.227 seconds
Platform modules already initialized, skipping
Switching build target platform(19) subTarget(0) extendedPlatform(0) -> platform(9) subTarget(16777218) extendedPlatform(0)
Refreshing native plugins compatible for Editor in 0.57 ms, found 3 plugins.
Preloading 0 native plugins for Editor in 0.00 ms.
Unloading 2183 Unused Serialized files (Serialized files now loaded: 0)
System memory in use before: 100.8 MB.
System memory in use after: 100.9 MB.

Unloading 29 unused Assets to reduce memory usage. Loaded Objects now: 2653.
Total: 2.568000 ms (FindLiveObjects: 0.214400 ms CreateObjectMapping: 0.109600 ms MarkObjects: 2.214400 ms  DeleteObjects: 0.027600 ms)

AssetImportParameters requested are different than current active one (requested -> active):
  custom:graphics/normal-map-encoding: 01000000000000000000000000000000 -> 02000000000000000000000000000000
========================================================================
Received Import Request.
  Time since last request: 20.597802 seconds.
  path: Assets/Resources/Image/floor.png
  artifactKey: Guid(5363bd0843f11964bb9d89e2e7cf149c) Importer(815301076,1909f56bfc062723c751e8b465ee728b)
Start importing Assets/Resources/Image/floor.png using Guid(5363bd0843f11964bb9d89e2e7cf149c) Importer(815301076,1909f56bfc062723c751e8b465ee728b)  -> (artifact id: 'b675fb88b0ecb79f4ccb388be5e8a01f') in 0.074308 seconds
  Import took 0.078674 seconds .

========================================================================
Received Import Request.
  Time since last request: 13.576540 seconds.
  path: Assets/Resources/Prefab/Floor.prefab
  artifactKey: Guid(0285b2ea982b7d843bec41ec498fdd9d) Importer(815301076,1909f56bfc062723c751e8b465ee728b)
Start importing Assets/Resources/Prefab/Floor.prefab using Guid(0285b2ea982b7d843bec41ec498fdd9d) Importer(815301076,1909f56bfc062723c751e8b465ee728b)  -> (artifact id: '08ea9a42c1661322a979aff3a12d6f52') in 0.051960 seconds
  Import took 0.055940 seconds .

========================================================================
Received Import Request.
  Time since last request: 19.940464 seconds.
  path: Assets/Resources/Image/floor.png
  artifactKey: Guid(5363bd0843f11964bb9d89e2e7cf149c) Importer(815301076,1909f56bfc062723c751e8b465ee728b)
Start importing Assets/Resources/Image/floor.png using Guid(5363bd0843f11964bb9d89e2e7cf149c) Importer(815301076,1909f56bfc062723c751e8b465ee728b)  -> (artifact id: 'd22a82db4f84b30648fe827a4db96d51') in 0.035067 seconds
  Import took 0.056276 seconds .

========================================================================
Received Import Request.
  Time since last request: 19.931557 seconds.
  path: Assets/Resources/Image/floor.png
  artifactKey: Guid(5363bd0843f11964bb9d89e2e7cf149c) Importer(815301076,1909f56bfc062723c751e8b465ee728b)
Start importing Assets/Resources/Image/floor.png using Guid(5363bd0843f11964bb9d89e2e7cf149c) Importer(815301076,1909f56bfc062723c751e8b465ee728b)  -> (artifact id: 'b61b9bad59c9fa9ba3bc81245c1bf04e') in 0.016833 seconds
  Import took 0.021424 seconds .

========================================================================
Received Import Request.
  Time since last request: 0.008814 seconds.
  path: Assets/Resources/Image/floor.png
  artifactKey: Guid(5363bd0843f11964bb9d89e2e7cf149c) Importer(815301076,1909f56bfc062723c751e8b465ee728b)
Start importing Assets/Resources/Image/floor.png using Guid(5363bd0843f11964bb9d89e2e7cf149c) Importer(815301076,1909f56bfc062723c751e8b465ee728b)  -> (artifact id: 'b61b9bad59c9fa9ba3bc81245c1bf04e') in 0.016379 seconds
  Import took 0.021027 seconds .

========================================================================
Received Import Request.
  Time since last request: 3.671149 seconds.
  path: Assets/Resources/Image/floor.png
  artifactKey: Guid(5363bd0843f11964bb9d89e2e7cf149c) Importer(815301076,1909f56bfc062723c751e8b465ee728b)
Start importing Assets/Resources/Image/floor.png using Guid(5363bd0843f11964bb9d89e2e7cf149c) Importer(815301076,1909f56bfc062723c751e8b465ee728b)  -> (artifact id: '8325af85cf668f009ca6debaa59b3987') in 0.017282 seconds
  Import took 0.021753 seconds .

========================================================================
Received Import Request.
  Time since last request: 0.011291 seconds.
  path: Assets/Resources/Image/floor.png
  artifactKey: Guid(5363bd0843f11964bb9d89e2e7cf149c) Importer(815301076,1909f56bfc062723c751e8b465ee728b)
Start importing Assets/Resources/Image/floor.png using Guid(5363bd0843f11964bb9d89e2e7cf149c) Importer(815301076,1909f56bfc062723c751e8b465ee728b)  -> (artifact id: '8325af85cf668f009ca6debaa59b3987') in 0.014325 seconds
  Import took 0.018821 seconds .

========================================================================
Received Import Request.
  Time since last request: 4.106932 seconds.
  path: Assets/Resources/Image/floor.png
  artifactKey: Guid(5363bd0843f11964bb9d89e2e7cf149c) Importer(815301076,1909f56bfc062723c751e8b465ee728b)
Start importing Assets/Resources/Image/floor.png using Guid(5363bd0843f11964bb9d89e2e7cf149c) Importer(815301076,1909f56bfc062723c751e8b465ee728b)  -> (artifact id: '70c41a68a8d22ef7dee9b8bbff569c95') in 0.016153 seconds
  Import took 0.020691 seconds .

========================================================================
Received Import Request.
  Time since last request: 0.009048 seconds.
  path: Assets/Resources/Image/floor.png
  artifactKey: Guid(5363bd0843f11964bb9d89e2e7cf149c) Importer(815301076,1909f56bfc062723c751e8b465ee728b)
Start importing Assets/Resources/Image/floor.png using Guid(5363bd0843f11964bb9d89e2e7cf149c) Importer(815301076,1909f56bfc062723c751e8b465ee728b)  -> (artifact id: '70c41a68a8d22ef7dee9b8bbff569c95') in 0.015249 seconds
  Import took 0.019688 seconds .

========================================================================
Received Import Request.
  Time since last request: 13.986441 seconds.
  path: Assets/Resources/Image/floor.png
  artifactKey: Guid(5363bd0843f11964bb9d89e2e7cf149c) Importer(815301076,1909f56bfc062723c751e8b465ee728b)
Start importing Assets/Resources/Image/floor.png using Guid(5363bd0843f11964bb9d89e2e7cf149c) Importer(815301076,1909f56bfc062723c751e8b465ee728b)  -> (artifact id: '72032af7e1335d6f21be6e66a2894007') in 0.030766 seconds
  Import took 0.034315 seconds .

========================================================================
Received Import Request.
  Time since last request: 3.134797 seconds.
  path: Assets/Resources/Image/floor.png
  artifactKey: Guid(5363bd0843f11964bb9d89e2e7cf149c) Importer(815301076,1909f56bfc062723c751e8b465ee728b)
Start importing Assets/Resources/Image/floor.png using Guid(5363bd0843f11964bb9d89e2e7cf149c) Importer(815301076,1909f56bfc062723c751e8b465ee728b)  -> (artifact id: 'e60c23928c0eaf0ccc2a0cbafbd1f403') in 0.016774 seconds
  Import took 0.020654 seconds .

========================================================================
Received Import Request.
  Time since last request: 0.009323 seconds.
  path: Assets/Resources/Image/floor.png
  artifactKey: Guid(5363bd0843f11964bb9d89e2e7cf149c) Importer(815301076,1909f56bfc062723c751e8b465ee728b)
Start importing Assets/Resources/Image/floor.png using Guid(5363bd0843f11964bb9d89e2e7cf149c) Importer(815301076,1909f56bfc062723c751e8b465ee728b)  -> (artifact id: 'e60c23928c0eaf0ccc2a0cbafbd1f403') in 0.014961 seconds
  Import took 0.019641 seconds .

========================================================================
Received Import Request.
  Time since last request: 15.695273 seconds.
  path: Assets/Resources/Image/floor.png
  artifactKey: Guid(5363bd0843f11964bb9d89e2e7cf149c) Importer(815301076,1909f56bfc062723c751e8b465ee728b)
Start importing Assets/Resources/Image/floor.png using Guid(5363bd0843f11964bb9d89e2e7cf149c) Importer(815301076,1909f56bfc062723c751e8b465ee728b)  -> (artifact id: '6e9e7cc2a47b659db450907ba0b2782a') in 0.015821 seconds
  Import took 0.020189 seconds .

========================================================================
Received Import Request.
  Time since last request: 0.014236 seconds.
  path: Assets/Resources/Image/floor.png
  artifactKey: Guid(5363bd0843f11964bb9d89e2e7cf149c) Importer(815301076,1909f56bfc062723c751e8b465ee728b)
Start importing Assets/Resources/Image/floor.png using Guid(5363bd0843f11964bb9d89e2e7cf149c) Importer(815301076,1909f56bfc062723c751e8b465ee728b)  -> (artifact id: '6e9e7cc2a47b659db450907ba0b2782a') in 0.023710 seconds
  Import took 0.028473 seconds .

========================================================================
Received Import Request.
  Time since last request: 8.084472 seconds.
  path: Assets/Resources/Image/floor.png
  artifactKey: Guid(5363bd0843f11964bb9d89e2e7cf149c) Importer(815301076,1909f56bfc062723c751e8b465ee728b)
Start importing Assets/Resources/Image/floor.png using Guid(5363bd0843f11964bb9d89e2e7cf149c) Importer(815301076,1909f56bfc062723c751e8b465ee728b)  -> (artifact id: 'b433a55a5ba57eade362d40b7d7cb905') in 0.018419 seconds
  Import took 0.026908 seconds .

========================================================================
Received Import Request.
  Time since last request: 0.006245 seconds.
  path: Assets/Resources/Image/floor.png
  artifactKey: Guid(5363bd0843f11964bb9d89e2e7cf149c) Importer(815301076,1909f56bfc062723c751e8b465ee728b)
Start importing Assets/Resources/Image/floor.png using Guid(5363bd0843f11964bb9d89e2e7cf149c) Importer(815301076,1909f56bfc062723c751e8b465ee728b)  -> (artifact id: 'b433a55a5ba57eade362d40b7d7cb905') in 0.014564 seconds
  Import took 0.019231 seconds .

========================================================================
Received Import Request.
  Time since last request: 6.360818 seconds.
  path: Assets/Resources/Image/floor.png
  artifactKey: Guid(5363bd0843f11964bb9d89e2e7cf149c) Importer(815301076,1909f56bfc062723c751e8b465ee728b)
Start importing Assets/Resources/Image/floor.png using Guid(5363bd0843f11964bb9d89e2e7cf149c) Importer(815301076,1909f56bfc062723c751e8b465ee728b)  -> (artifact id: '3a66545b7bfe7aedc083455ba0108b40') in 0.012042 seconds
  Import took 0.016597 seconds .

========================================================================
Received Import Request.
  Time since last request: 0.012330 seconds.
  path: Assets/Resources/Image/floor.png
  artifactKey: Guid(5363bd0843f11964bb9d89e2e7cf149c) Importer(815301076,1909f56bfc062723c751e8b465ee728b)
Start importing Assets/Resources/Image/floor.png using Guid(5363bd0843f11964bb9d89e2e7cf149c) Importer(815301076,1909f56bfc062723c751e8b465ee728b)  -> (artifact id: '3a66545b7bfe7aedc083455ba0108b40') in 0.025797 seconds
  Import took 0.030661 seconds .

========================================================================
Received Import Request.
  Time since last request: 28.518045 seconds.
  path: Assets/Resources/Image/floor.png
  artifactKey: Guid(5363bd0843f11964bb9d89e2e7cf149c) Importer(815301076,1909f56bfc062723c751e8b465ee728b)
Start importing Assets/Resources/Image/floor.png using Guid(5363bd0843f11964bb9d89e2e7cf149c) Importer(815301076,1909f56bfc062723c751e8b465ee728b)  -> (artifact id: '7ee80210a5a0504640164b02847cf4a3') in 0.017228 seconds
  Import took 0.021290 seconds .

========================================================================
Received Import Request.
  Time since last request: 0.008716 seconds.
  path: Assets/Resources/Image/floor.png
  artifactKey: Guid(5363bd0843f11964bb9d89e2e7cf149c) Importer(815301076,1909f56bfc062723c751e8b465ee728b)
Start importing Assets/Resources/Image/floor.png using Guid(5363bd0843f11964bb9d89e2e7cf149c) Importer(815301076,1909f56bfc062723c751e8b465ee728b)  -> (artifact id: '7ee80210a5a0504640164b02847cf4a3') in 0.016768 seconds
  Import took 0.021177 seconds .

========================================================================
Received Import Request.
  Time since last request: 146.069021 seconds.
  path: Assets/Resources/Prefab/Floor.prefab
  artifactKey: Guid(0285b2ea982b7d843bec41ec498fdd9d) Importer(815301076,1909f56bfc062723c751e8b465ee728b)
Start importing Assets/Resources/Prefab/Floor.prefab using Guid(0285b2ea982b7d843bec41ec498fdd9d) Importer(815301076,1909f56bfc062723c751e8b465ee728b)  -> (artifact id: '790b0b581899a4c417b042656ca830cf') in 0.015419 seconds
  Import took 0.020969 seconds .

========================================================================
Received Import Request.
  Time since last request: 0.019842 seconds.
  path: Assets/Resources/Prefab/Floor.prefab
  artifactKey: Guid(0285b2ea982b7d843bec41ec498fdd9d) Importer(815301076,1909f56bfc062723c751e8b465ee728b)
Start importing Assets/Resources/Prefab/Floor.prefab using Guid(0285b2ea982b7d843bec41ec498fdd9d) Importer(815301076,1909f56bfc062723c751e8b465ee728b)  -> (artifact id: '790b0b581899a4c417b042656ca830cf') in 0.218980 seconds
  Import took 0.223567 seconds .

========================================================================
Received Import Request.
  Time since last request: 5.209974 seconds.
  path: Assets/Resources/Prefab/Floor.prefab
  artifactKey: Guid(0285b2ea982b7d843bec41ec498fdd9d) Importer(815301076,1909f56bfc062723c751e8b465ee728b)
Start importing Assets/Resources/Prefab/Floor.prefab using Guid(0285b2ea982b7d843bec41ec498fdd9d) Importer(815301076,1909f56bfc062723c751e8b465ee728b)  -> (artifact id: 'c5f0dc015ce9c954f6cf628a703316f1') in 0.013869 seconds
  Import took 0.018600 seconds .

========================================================================
Received Import Request.
  Time since last request: 0.013926 seconds.
  path: Assets/Resources/Prefab/Floor.prefab
  artifactKey: Guid(0285b2ea982b7d843bec41ec498fdd9d) Importer(815301076,1909f56bfc062723c751e8b465ee728b)
Start importing Assets/Resources/Prefab/Floor.prefab using Guid(0285b2ea982b7d843bec41ec498fdd9d) Importer(815301076,1909f56bfc062723c751e8b465ee728b)  -> (artifact id: 'c5f0dc015ce9c954f6cf628a703316f1') in 0.008067 seconds
  Import took 0.012509 seconds .

========================================================================
Received Import Request.
  Time since last request: 5.394607 seconds.
  path: Assets/Resources/Prefab/Floor.prefab
  artifactKey: Guid(0285b2ea982b7d843bec41ec498fdd9d) Importer(815301076,1909f56bfc062723c751e8b465ee728b)
Start importing Assets/Resources/Prefab/Floor.prefab using Guid(0285b2ea982b7d843bec41ec498fdd9d) Importer(815301076,1909f56bfc062723c751e8b465ee728b)  -> (artifact id: 'be25299e1982bb87cb0ff3d91a882793') in 0.008919 seconds
  Import took 0.013319 seconds .

========================================================================
Received Import Request.
  Time since last request: 0.019776 seconds.
  path: Assets/Resources/Prefab/Floor.prefab
  artifactKey: Guid(0285b2ea982b7d843bec41ec498fdd9d) Importer(815301076,1909f56bfc062723c751e8b465ee728b)
Start importing Assets/Resources/Prefab/Floor.prefab using Guid(0285b2ea982b7d843bec41ec498fdd9d) Importer(815301076,1909f56bfc062723c751e8b465ee728b)  -> (artifact id: 'be25299e1982bb87cb0ff3d91a882793') in 0.008605 seconds
  Import took 0.012969 seconds .

========================================================================
Received Import Request.
  Time since last request: 4.233437 seconds.
  path: Assets/Resources/Prefab/Floor.prefab
  artifactKey: Guid(0285b2ea982b7d843bec41ec498fdd9d) Importer(815301076,1909f56bfc062723c751e8b465ee728b)
Start importing Assets/Resources/Prefab/Floor.prefab using Guid(0285b2ea982b7d843bec41ec498fdd9d) Importer(815301076,1909f56bfc062723c751e8b465ee728b)  -> (artifact id: 'd653d27c1bfdd708862e227fcb12a692') in 0.050217 seconds
  Import took 0.054488 seconds .

========================================================================
Received Import Request.
  Time since last request: 43.908004 seconds.
  path: Assets/Resources/Image/floor.png
  artifactKey: Guid(5363bd0843f11964bb9d89e2e7cf149c) Importer(815301076,1909f56bfc062723c751e8b465ee728b)
Start importing Assets/Resources/Image/floor.png using Guid(5363bd0843f11964bb9d89e2e7cf149c) Importer(815301076,1909f56bfc062723c751e8b465ee728b)  -> (artifact id: '30dc5818bfc09a183e4d2bcfa4e0f65b') in 0.016596 seconds
  Import took 0.020534 seconds .

========================================================================
Received Import Request.
  Time since last request: 0.013121 seconds.
  path: Assets/Resources/Image/floor.png
  artifactKey: Guid(5363bd0843f11964bb9d89e2e7cf149c) Importer(815301076,1909f56bfc062723c751e8b465ee728b)
Start importing Assets/Resources/Image/floor.png using Guid(5363bd0843f11964bb9d89e2e7cf149c) Importer(815301076,1909f56bfc062723c751e8b465ee728b)  -> (artifact id: '30dc5818bfc09a183e4d2bcfa4e0f65b') in 0.017320 seconds
  Import took 0.022109 seconds .

========================================================================
Received Import Request.
  Time since last request: 25.959836 seconds.
  path: Assets/Resources/Image/floor.png
  artifactKey: Guid(5363bd0843f11964bb9d89e2e7cf149c) Importer(815301076,1909f56bfc062723c751e8b465ee728b)
Start importing Assets/Resources/Image/floor.png using Guid(5363bd0843f11964bb9d89e2e7cf149c) Importer(815301076,1909f56bfc062723c751e8b465ee728b)  -> (artifact id: 'e374667ad84257f78b5be9aed4f43513') in 0.016367 seconds
  Import took 0.020302 seconds .

========================================================================
Received Import Request.
  Time since last request: 0.011904 seconds.
  path: Assets/Resources/Image/floor.png
  artifactKey: Guid(5363bd0843f11964bb9d89e2e7cf149c) Importer(815301076,1909f56bfc062723c751e8b465ee728b)
Start importing Assets/Resources/Image/floor.png using Guid(5363bd0843f11964bb9d89e2e7cf149c) Importer(815301076,1909f56bfc062723c751e8b465ee728b)  -> (artifact id: 'e374667ad84257f78b5be9aed4f43513') in 0.016607 seconds
  Import took 0.021626 seconds .

========================================================================
Received Import Request.
  Time since last request: 5.807202 seconds.
  path: Assets/Resources/Image/floor.png
  artifactKey: Guid(5363bd0843f11964bb9d89e2e7cf149c) Importer(815301076,1909f56bfc062723c751e8b465ee728b)
Start importing Assets/Resources/Image/floor.png using Guid(5363bd0843f11964bb9d89e2e7cf149c) Importer(815301076,1909f56bfc062723c751e8b465ee728b)  -> (artifact id: 'd5423b425ca9b4cb7226e4fe7531f655') in 0.020155 seconds
  Import took 0.024147 seconds .

========================================================================
Received Import Request.
  Time since last request: 0.007869 seconds.
  path: Assets/Resources/Image/floor.png
  artifactKey: Guid(5363bd0843f11964bb9d89e2e7cf149c) Importer(815301076,1909f56bfc062723c751e8b465ee728b)
Start importing Assets/Resources/Image/floor.png using Guid(5363bd0843f11964bb9d89e2e7cf149c) Importer(815301076,1909f56bfc062723c751e8b465ee728b)  -> (artifact id: 'd5423b425ca9b4cb7226e4fe7531f655') in 0.018261 seconds
  Import took 0.023157 seconds .

========================================================================
Received Import Request.
  Time since last request: 82.739812 seconds.
  path: Assets/Resources/Image/floor.png
  artifactKey: Guid(5363bd0843f11964bb9d89e2e7cf149c) Importer(815301076,1909f56bfc062723c751e8b465ee728b)
Start importing Assets/Resources/Image/floor.png using Guid(5363bd0843f11964bb9d89e2e7cf149c) Importer(815301076,1909f56bfc062723c751e8b465ee728b)  -> (artifact id: '5c564aec59c29e4b005b80dc89f482f6') in 0.019538 seconds
  Import took 0.024074 seconds .

========================================================================
Received Import Request.
  Time since last request: 0.012256 seconds.
  path: Assets/Resources/Image/floor.png
  artifactKey: Guid(5363bd0843f11964bb9d89e2e7cf149c) Importer(815301076,1909f56bfc062723c751e8b465ee728b)
Start importing Assets/Resources/Image/floor.png using Guid(5363bd0843f11964bb9d89e2e7cf149c) Importer(815301076,1909f56bfc062723c751e8b465ee728b)  -> (artifact id: '5c564aec59c29e4b005b80dc89f482f6') in 0.017768 seconds
  Import took 0.023129 seconds .

========================================================================
Received Import Request.
  Time since last request: 99.962292 seconds.
  path: Assets/Resources/Image/floor.png
  artifactKey: Guid(5363bd0843f11964bb9d89e2e7cf149c) Importer(815301076,1909f56bfc062723c751e8b465ee728b)
Start importing Assets/Resources/Image/floor.png using Guid(5363bd0843f11964bb9d89e2e7cf149c) Importer(815301076,1909f56bfc062723c751e8b465ee728b)  -> (artifact id: '6b4c977b059a52ef12a7501c7db9ccd4') in 0.020877 seconds
  Import took 0.025758 seconds .

========================================================================
Received Import Request.
  Time since last request: 0.010089 seconds.
  path: Assets/Resources/Image/floor.png
  artifactKey: Guid(5363bd0843f11964bb9d89e2e7cf149c) Importer(815301076,1909f56bfc062723c751e8b465ee728b)
Start importing Assets/Resources/Image/floor.png using Guid(5363bd0843f11964bb9d89e2e7cf149c) Importer(815301076,1909f56bfc062723c751e8b465ee728b)  -> (artifact id: '6b4c977b059a52ef12a7501c7db9ccd4') in 0.020244 seconds
  Import took 0.027189 seconds .

========================================================================
Received Import Request.
  Time since last request: 83.561901 seconds.
  path: Assets/Resources/Image/floor.png
  artifactKey: Guid(5363bd0843f11964bb9d89e2e7cf149c) Importer(815301076,1909f56bfc062723c751e8b465ee728b)
Start importing Assets/Resources/Image/floor.png using Guid(5363bd0843f11964bb9d89e2e7cf149c) Importer(815301076,1909f56bfc062723c751e8b465ee728b)  -> (artifact id: '850284ca79c47a3fb50dd773abba15e2') in 0.024160 seconds
  Import took 0.030498 seconds .

========================================================================
Received Import Request.
  Time since last request: 0.004827 seconds.
  path: Assets/Resources/Image/floor.png
  artifactKey: Guid(5363bd0843f11964bb9d89e2e7cf149c) Importer(815301076,1909f56bfc062723c751e8b465ee728b)
Start importing Assets/Resources/Image/floor.png using Guid(5363bd0843f11964bb9d89e2e7cf149c) Importer(815301076,1909f56bfc062723c751e8b465ee728b)  -> (artifact id: '850284ca79c47a3fb50dd773abba15e2') in 0.018705 seconds
  Import took 0.024271 seconds .

========================================================================
Received Import Request.
  Time since last request: 43.393246 seconds.
  path: Assets/Resources/Image/floor.png
  artifactKey: Guid(5363bd0843f11964bb9d89e2e7cf149c) Importer(815301076,1909f56bfc062723c751e8b465ee728b)
Start importing Assets/Resources/Image/floor.png using Guid(5363bd0843f11964bb9d89e2e7cf149c) Importer(815301076,1909f56bfc062723c751e8b465ee728b)  -> (artifact id: 'fbcb64fbc0ed73c4553ad327255e72d2') in 0.247164 seconds
  Import took 0.251288 seconds .

========================================================================
Received Import Request.
  Time since last request: 49.125268 seconds.
  path: Assets/Resources/Image/floor.png
  artifactKey: Guid(5363bd0843f11964bb9d89e2e7cf149c) Importer(815301076,1909f56bfc062723c751e8b465ee728b)
Start importing Assets/Resources/Image/floor.png using Guid(5363bd0843f11964bb9d89e2e7cf149c) Importer(815301076,1909f56bfc062723c751e8b465ee728b)  -> (artifact id: '9267755485adac268463271d0ac99755') in 0.016465 seconds
  Import took 0.021144 seconds .

========================================================================
Received Import Request.
  Time since last request: 0.013325 seconds.
  path: Assets/Resources/Image/floor.png
  artifactKey: Guid(5363bd0843f11964bb9d89e2e7cf149c) Importer(815301076,1909f56bfc062723c751e8b465ee728b)
Start importing Assets/Resources/Image/floor.png using Guid(5363bd0843f11964bb9d89e2e7cf149c) Importer(815301076,1909f56bfc062723c751e8b465ee728b)  -> (artifact id: '9267755485adac268463271d0ac99755') in 0.014630 seconds
  Import took 0.019159 seconds .

========================================================================
Received Import Request.
  Time since last request: 29.143085 seconds.
  path: Assets/Resources/Image/floor.png
  artifactKey: Guid(5363bd0843f11964bb9d89e2e7cf149c) Importer(815301076,1909f56bfc062723c751e8b465ee728b)
Start importing Assets/Resources/Image/floor.png using Guid(5363bd0843f11964bb9d89e2e7cf149c) Importer(815301076,1909f56bfc062723c751e8b465ee728b)  -> (artifact id: '31bd61a5e2c4dc8d6c0414c6fb8c5adb') in 0.015919 seconds
  Import took 0.261181 seconds .

========================================================================
Received Import Request.
  Time since last request: 2.726738 seconds.
  path: Assets/Resources/Image/floor.png
  artifactKey: Guid(5363bd0843f11964bb9d89e2e7cf149c) Importer(815301076,1909f56bfc062723c751e8b465ee728b)
Start importing Assets/Resources/Image/floor.png using Guid(5363bd0843f11964bb9d89e2e7cf149c) Importer(815301076,1909f56bfc062723c751e8b465ee728b)  -> (artifact id: '76818366322dc6c63f69a3801c1ab3b2') in 0.014307 seconds
  Import took 0.018115 seconds .

========================================================================
Received Import Request.
  Time since last request: 0.011347 seconds.
  path: Assets/Resources/Image/floor.png
  artifactKey: Guid(5363bd0843f11964bb9d89e2e7cf149c) Importer(815301076,1909f56bfc062723c751e8b465ee728b)
Start importing Assets/Resources/Image/floor.png using Guid(5363bd0843f11964bb9d89e2e7cf149c) Importer(815301076,1909f56bfc062723c751e8b465ee728b)  -> (artifact id: '76818366322dc6c63f69a3801c1ab3b2') in 0.023981 seconds
  Import took 0.028444 seconds .

========================================================================
Received Import Request.
  Time since last request: 11.403801 seconds.
  path: Assets/Resources/Image/floor.png
  artifactKey: Guid(5363bd0843f11964bb9d89e2e7cf149c) Importer(815301076,1909f56bfc062723c751e8b465ee728b)
Start importing Assets/Resources/Image/floor.png using Guid(5363bd0843f11964bb9d89e2e7cf149c) Importer(815301076,1909f56bfc062723c751e8b465ee728b)  -> (artifact id: '50c55dea864a8bf8f271fbba42b45ae6') in 0.015060 seconds
  Import took 0.019491 seconds .

========================================================================
Received Import Request.
  Time since last request: 0.011209 seconds.
  path: Assets/Resources/Image/floor.png
  artifactKey: Guid(5363bd0843f11964bb9d89e2e7cf149c) Importer(815301076,1909f56bfc062723c751e8b465ee728b)
Start importing Assets/Resources/Image/floor.png using Guid(5363bd0843f11964bb9d89e2e7cf149c) Importer(815301076,1909f56bfc062723c751e8b465ee728b)  -> (artifact id: '50c55dea864a8bf8f271fbba42b45ae6') in 0.015405 seconds
  Import took 0.019792 seconds .

========================================================================
Received Import Request.
  Time since last request: 11.839496 seconds.
  path: Assets/Resources/Image/floor.png
  artifactKey: Guid(5363bd0843f11964bb9d89e2e7cf149c) Importer(815301076,1909f56bfc062723c751e8b465ee728b)
Start importing Assets/Resources/Image/floor.png using Guid(5363bd0843f11964bb9d89e2e7cf149c) Importer(815301076,1909f56bfc062723c751e8b465ee728b)  -> (artifact id: '269d121b340f03e3cd8f93458b5d25f5') in 0.016693 seconds
  Import took 0.020472 seconds .

========================================================================
Received Import Request.
  Time since last request: 0.009810 seconds.
  path: Assets/Resources/Image/floor.png
  artifactKey: Guid(5363bd0843f11964bb9d89e2e7cf149c) Importer(815301076,1909f56bfc062723c751e8b465ee728b)
Start importing Assets/Resources/Image/floor.png using Guid(5363bd0843f11964bb9d89e2e7cf149c) Importer(815301076,1909f56bfc062723c751e8b465ee728b)  -> (artifact id: '269d121b340f03e3cd8f93458b5d25f5') in 0.016299 seconds
  Import took 0.020816 seconds .

========================================================================
Received Import Request.
  Time since last request: 24.233893 seconds.
  path: Assets/Resources/Image/floor.png
  artifactKey: Guid(5363bd0843f11964bb9d89e2e7cf149c) Importer(815301076,1909f56bfc062723c751e8b465ee728b)
Start importing Assets/Resources/Image/floor.png using Guid(5363bd0843f11964bb9d89e2e7cf149c) Importer(815301076,1909f56bfc062723c751e8b465ee728b)  -> (artifact id: '4465fa6340d8b5c62d4fbdf7801f4f54') in 0.016984 seconds
  Import took 0.022222 seconds .

========================================================================
Received Import Request.
  Time since last request: 0.008583 seconds.
  path: Assets/Resources/Image/floor.png
  artifactKey: Guid(5363bd0843f11964bb9d89e2e7cf149c) Importer(815301076,1909f56bfc062723c751e8b465ee728b)
Start importing Assets/Resources/Image/floor.png using Guid(5363bd0843f11964bb9d89e2e7cf149c) Importer(815301076,1909f56bfc062723c751e8b465ee728b)  -> (artifact id: '4465fa6340d8b5c62d4fbdf7801f4f54') in 0.017336 seconds
  Import took 0.022203 seconds .

========================================================================
Received Import Request.
  Time since last request: 13.840637 seconds.
  path: Assets/Resources/Image/floor.png
  artifactKey: Guid(5363bd0843f11964bb9d89e2e7cf149c) Importer(815301076,1909f56bfc062723c751e8b465ee728b)
Start importing Assets/Resources/Image/floor.png using Guid(5363bd0843f11964bb9d89e2e7cf149c) Importer(815301076,1909f56bfc062723c751e8b465ee728b)  -> (artifact id: '22feb2c764cbfafd4d983efdaa2a2234') in 0.032109 seconds
  Import took 0.036355 seconds .

========================================================================
Received Import Request.
  Time since last request: 10.486178 seconds.
  path: Assets/Resources/Image/floor.png
  artifactKey: Guid(5363bd0843f11964bb9d89e2e7cf149c) Importer(815301076,1909f56bfc062723c751e8b465ee728b)
Start importing Assets/Resources/Image/floor.png using Guid(5363bd0843f11964bb9d89e2e7cf149c) Importer(815301076,1909f56bfc062723c751e8b465ee728b)  -> (artifact id: 'ef1427cc74acfd346177a2c10a21ce98') in 0.016834 seconds
  Import took 0.020840 seconds .

========================================================================
Received Import Request.
  Time since last request: 0.011996 seconds.
  path: Assets/Resources/Image/floor.png
  artifactKey: Guid(5363bd0843f11964bb9d89e2e7cf149c) Importer(815301076,1909f56bfc062723c751e8b465ee728b)
Start importing Assets/Resources/Image/floor.png using Guid(5363bd0843f11964bb9d89e2e7cf149c) Importer(815301076,1909f56bfc062723c751e8b465ee728b)  -> (artifact id: 'ef1427cc74acfd346177a2c10a21ce98') in 0.016190 seconds
  Import took 0.020955 seconds .

========================================================================
Received Prepare
Registering precompiled user dll's ...
Registered in 0.005315 seconds.
Begin MonoManager ReloadAssembly
Native extension for WindowsStandalone target not found
Native extension for WebGL target not found
Refreshing native plugins compatible for Editor in 0.59 ms, found 3 plugins.
Preloading 0 native plugins for Editor in 0.00 ms.
Mono: successfully reloaded assembly
- Completed reload, in  1.224 seconds
Platform modules already initialized, skipping
Switching build target platform(19) subTarget(0) extendedPlatform(0) -> platform(9) subTarget(16777218) extendedPlatform(0)
Refreshing native plugins compatible for Editor in 0.68 ms, found 3 plugins.
Preloading 0 native plugins for Editor in 0.00 ms.
Unloading 2183 Unused Serialized files (Serialized files now loaded: 0)
System memory in use before: 100.9 MB.
System memory in use after: 101.0 MB.

Unloading 29 unused Assets to reduce memory usage. Loaded Objects now: 2658.
Total: 3.065700 ms (FindLiveObjects: 0.228100 ms CreateObjectMapping: 0.084100 ms MarkObjects: 2.685500 ms  DeleteObjects: 0.066700 ms)

AssetImportParameters requested are different than current active one (requested -> active):
  custom:graphics/normal-map-encoding: 01000000000000000000000000000000 -> 02000000000000000000000000000000
========================================================================
Received Prepare
Registering precompiled user dll's ...
Registered in 0.004760 seconds.
Begin MonoManager ReloadAssembly
Native extension for WindowsStandalone target not found
Native extension for WebGL target not found
Refreshing native plugins compatible for Editor in 0.64 ms, found 3 plugins.
Preloading 0 native plugins for Editor in 0.00 ms.
Mono: successfully reloaded assembly
- Completed reload, in  1.210 seconds
Platform modules already initialized, skipping
Switching build target platform(19) subTarget(0) extendedPlatform(0) -> platform(9) subTarget(16777218) extendedPlatform(0)
Refreshing native plugins compatible for Editor in 0.56 ms, found 3 plugins.
Preloading 0 native plugins for Editor in 0.00 ms.
Unloading 2183 Unused Serialized files (Serialized files now loaded: 0)
System memory in use before: 100.9 MB.
System memory in use after: 101.1 MB.

Unloading 29 unused Assets to reduce memory usage. Loaded Objects now: 2662.
Total: 2.597300 ms (FindLiveObjects: 0.212200 ms CreateObjectMapping: 0.089000 ms MarkObjects: 2.247600 ms  DeleteObjects: 0.047200 ms)

AssetImportParameters requested are different than current active one (requested -> active):
  custom:graphics/normal-map-encoding: 01000000000000000000000000000000 -> 02000000000000000000000000000000
========================================================================
Received Prepare
Registering precompiled user dll's ...
Registered in 0.004676 seconds.
Begin MonoManager ReloadAssembly
Native extension for WindowsStandalone target not found
Native extension for WebGL target not found
Refreshing native plugins compatible for Editor in 0.67 ms, found 3 plugins.
Preloading 0 native plugins for Editor in 0.00 ms.
Mono: successfully reloaded assembly
- Completed reload, in  1.272 seconds
Platform modules already initialized, skipping
Switching build target platform(19) subTarget(0) extendedPlatform(0) -> platform(9) subTarget(16777218) extendedPlatform(0)
Refreshing native plugins compatible for Editor in 1.24 ms, found 3 plugins.
Preloading 0 native plugins for Editor in 0.00 ms.
Unloading 2183 Unused Serialized files (Serialized files now loaded: 0)
System memory in use before: 100.9 MB.
System memory in use after: 101.1 MB.

Unloading 29 unused Assets to reduce memory usage. Loaded Objects now: 2666.
Total: 4.236000 ms (FindLiveObjects: 0.221300 ms CreateObjectMapping: 0.080700 ms MarkObjects: 3.866100 ms  DeleteObjects: 0.066600 ms)

AssetImportParameters requested are different than current active one (requested -> active):
  custom:graphics/normal-map-encoding: 01000000000000000000000000000000 -> 02000000000000000000000000000000
========================================================================
Received Import Request.
  Time since last request: 929.466006 seconds.
  path: Assets/Resources/Prefab/Floor.prefab
  artifactKey: Guid(0285b2ea982b7d843bec41ec498fdd9d) Importer(815301076,1909f56bfc062723c751e8b465ee728b)
Start importing Assets/Resources/Prefab/Floor.prefab using Guid(0285b2ea982b7d843bec41ec498fdd9d) Importer(815301076,1909f56bfc062723c751e8b465ee728b)  -> (artifact id: '0093dd3de2ef53647d4b2c16c07b9033') in 0.061275 seconds
  Import took 0.065389 seconds .

========================================================================
Received Import Request.
  Time since last request: 0.000327 seconds.
  path: Assets/Resources/Prefab/UpperFloor.prefab
  artifactKey: Guid(627495fc5761673448fbbdd07bc034dd) Importer(815301076,1909f56bfc062723c751e8b465ee728b)
Start importing Assets/Resources/Prefab/UpperFloor.prefab using Guid(627495fc5761673448fbbdd07bc034dd) Importer(815301076,1909f56bfc062723c751e8b465ee728b)  -> (artifact id: 'f35cc0803c8b45dafcd00782a36a685c') in 0.047511 seconds
  Import took 0.051208 seconds .

========================================================================
Received Prepare
Registering precompiled user dll's ...
Registered in 0.005122 seconds.
Begin MonoManager ReloadAssembly
Native extension for WindowsStandalone target not found
Native extension for WebGL target not found
Refreshing native plugins compatible for Editor in 0.60 ms, found 3 plugins.
Preloading 0 native plugins for Editor in 0.00 ms.
Mono: successfully reloaded assembly
- Completed reload, in  1.251 seconds
Platform modules already initialized, skipping
Switching build target platform(19) subTarget(0) extendedPlatform(0) -> platform(9) subTarget(16777218) extendedPlatform(0)
Refreshing native plugins compatible for Editor in 0.57 ms, found 3 plugins.
Preloading 0 native plugins for Editor in 0.00 ms.
Unloading 2183 Unused Serialized files (Serialized files now loaded: 0)
System memory in use before: 101.0 MB.
System memory in use after: 101.1 MB.

Unloading 29 unused Assets to reduce memory usage. Loaded Objects now: 2671.
Total: 2.900200 ms (FindLiveObjects: 0.218900 ms CreateObjectMapping: 0.089900 ms MarkObjects: 2.527300 ms  DeleteObjects: 0.062300 ms)

AssetImportParameters requested are different than current active one (requested -> active):
  custom:graphics/normal-map-encoding: 01000000000000000000000000000000 -> 02000000000000000000000000000000
========================================================================
Received Prepare
Registering precompiled user dll's ...
Registered in 0.007996 seconds.
Begin MonoManager ReloadAssembly
Native extension for WindowsStandalone target not found
Native extension for WebGL target not found
Refreshing native plugins compatible for Editor in 0.72 ms, found 3 plugins.
Preloading 0 native plugins for Editor in 0.00 ms.
Mono: successfully reloaded assembly
- Completed reload, in  1.206 seconds
Platform modules already initialized, skipping
Switching build target platform(19) subTarget(0) extendedPlatform(0) -> platform(9) subTarget(16777218) extendedPlatform(0)
Refreshing native plugins compatible for Editor in 0.73 ms, found 3 plugins.
Preloading 0 native plugins for Editor in 0.00 ms.
Unloading 2183 Unused Serialized files (Serialized files now loaded: 0)
System memory in use before: 101.0 MB.
System memory in use after: 101.1 MB.

Unloading 29 unused Assets to reduce memory usage. Loaded Objects now: 2675.
Total: 2.993200 ms (FindLiveObjects: 0.348200 ms CreateObjectMapping: 0.085000 ms MarkObjects: 2.506200 ms  DeleteObjects: 0.052700 ms)

AssetImportParameters requested are different than current active one (requested -> active):
  custom:graphics/normal-map-encoding: 01000000000000000000000000000000 -> 02000000000000000000000000000000
========================================================================
Received Prepare
Registering precompiled user dll's ...
Registered in 0.006517 seconds.
Begin MonoManager ReloadAssembly
Native extension for WindowsStandalone target not found
Native extension for WebGL target not found
Refreshing native plugins compatible for Editor in 0.56 ms, found 3 plugins.
Preloading 0 native plugins for Editor in 0.00 ms.
Mono: successfully reloaded assembly
- Completed reload, in  1.361 seconds
Platform modules already initialized, skipping
Switching build target platform(19) subTarget(0) extendedPlatform(0) -> platform(9) subTarget(16777218) extendedPlatform(0)
Refreshing native plugins compatible for Editor in 0.56 ms, found 3 plugins.
Preloading 0 native plugins for Editor in 0.00 ms.
Unloading 2183 Unused Serialized files (Serialized files now loaded: 0)
System memory in use before: 101.0 MB.
System memory in use after: 101.1 MB.

Unloading 29 unused Assets to reduce memory usage. Loaded Objects now: 2679.
Total: 3.118800 ms (FindLiveObjects: 0.236400 ms CreateObjectMapping: 0.089500 ms MarkObjects: 2.750300 ms  DeleteObjects: 0.041300 ms)

AssetImportParameters requested are different than current active one (requested -> active):
  custom:graphics/normal-map-encoding: 01000000000000000000000000000000 -> 02000000000000000000000000000000
========================================================================
Received Prepare
Registering precompiled user dll's ...
Registered in 0.005547 seconds.
Begin MonoManager ReloadAssembly
Native extension for WindowsStandalone target not found
Native extension for WebGL target not found
Refreshing native plugins compatible for Editor in 1.08 ms, found 3 plugins.
Preloading 0 native plugins for Editor in 0.00 ms.
Mono: successfully reloaded assembly
- Completed reload, in  1.316 seconds
Platform modules already initialized, skipping
Switching build target platform(19) subTarget(0) extendedPlatform(0) -> platform(9) subTarget(16777218) extendedPlatform(0)
Refreshing native plugins compatible for Editor in 0.57 ms, found 3 plugins.
Preloading 0 native plugins for Editor in 0.00 ms.
Unloading 2183 Unused Serialized files (Serialized files now loaded: 0)
System memory in use before: 101.0 MB.
System memory in use after: 101.1 MB.

Unloading 29 unused Assets to reduce memory usage. Loaded Objects now: 2683.
Total: 2.475500 ms (FindLiveObjects: 0.200200 ms CreateObjectMapping: 0.088300 ms MarkObjects: 2.134600 ms  DeleteObjects: 0.051400 ms)

AssetImportParameters requested are different than current active one (requested -> active):
  custom:graphics/normal-map-encoding: 01000000000000000000000000000000 -> 02000000000000000000000000000000
========================================================================
Received Prepare
Registering precompiled user dll's ...
Registered in 0.005509 seconds.
Begin MonoManager ReloadAssembly
Native extension for WindowsStandalone target not found
Native extension for WebGL target not found
Refreshing native plugins compatible for Editor in 0.66 ms, found 3 plugins.
Preloading 0 native plugins for Editor in 0.00 ms.
Mono: successfully reloaded assembly
- Completed reload, in  1.314 seconds
Platform modules already initialized, skipping
Switching build target platform(19) subTarget(0) extendedPlatform(0) -> platform(9) subTarget(16777218) extendedPlatform(0)
Refreshing native plugins compatible for Editor in 0.69 ms, found 3 plugins.
Preloading 0 native plugins for Editor in 0.00 ms.
Unloading 2183 Unused Serialized files (Serialized files now loaded: 0)
System memory in use before: 101.0 MB.
System memory in use after: 101.1 MB.

Unloading 29 unused Assets to reduce memory usage. Loaded Objects now: 2687.
Total: 3.958600 ms (FindLiveObjects: 0.284900 ms CreateObjectMapping: 0.154800 ms MarkObjects: 3.470600 ms  DeleteObjects: 0.046300 ms)

AssetImportParameters requested are different than current active one (requested -> active):
  custom:graphics/normal-map-encoding: 01000000000000000000000000000000 -> 02000000000000000000000000000000
========================================================================
Received Prepare
Registering precompiled user dll's ...
Registered in 0.004651 seconds.
Begin MonoManager ReloadAssembly
Native extension for WindowsStandalone target not found
Native extension for WebGL target not found
Refreshing native plugins compatible for Editor in 0.60 ms, found 3 plugins.
Preloading 0 native plugins for Editor in 0.00 ms.
Mono: successfully reloaded assembly
- Completed reload, in  1.252 seconds
Platform modules already initialized, skipping
Switching build target platform(19) subTarget(0) extendedPlatform(0) -> platform(9) subTarget(16777218) extendedPlatform(0)
Refreshing native plugins compatible for Editor in 0.56 ms, found 3 plugins.
Preloading 0 native plugins for Editor in 0.00 ms.
Unloading 2183 Unused Serialized files (Serialized files now loaded: 0)
System memory in use before: 101.0 MB.
System memory in use after: 101.1 MB.

Unloading 29 unused Assets to reduce memory usage. Loaded Objects now: 2691.
Total: 3.884000 ms (FindLiveObjects: 0.344500 ms CreateObjectMapping: 0.172800 ms MarkObjects: 3.304300 ms  DeleteObjects: 0.061400 ms)

AssetImportParameters requested are different than current active one (requested -> active):
  custom:graphics/normal-map-encoding: 01000000000000000000000000000000 -> 02000000000000000000000000000000
========================================================================
Received Prepare
Registering precompiled user dll's ...
Registered in 0.006129 seconds.
Begin MonoManager ReloadAssembly
Native extension for WindowsStandalone target not found
Native extension for WebGL target not found
Refreshing native plugins compatible for Editor in 0.60 ms, found 3 plugins.
Preloading 0 native plugins for Editor in 0.00 ms.
Mono: successfully reloaded assembly
- Completed reload, in  1.299 seconds
Platform modules already initialized, skipping
Switching build target platform(19) subTarget(0) extendedPlatform(0) -> platform(9) subTarget(16777218) extendedPlatform(0)
Refreshing native plugins compatible for Editor in 0.59 ms, found 3 plugins.
Preloading 0 native plugins for Editor in 0.00 ms.
Unloading 2183 Unused Serialized files (Serialized files now loaded: 0)
System memory in use before: 101.1 MB.
System memory in use after: 101.2 MB.

Unloading 29 unused Assets to reduce memory usage. Loaded Objects now: 2695.
Total: 3.100700 ms (FindLiveObjects: 0.274900 ms CreateObjectMapping: 0.106300 ms MarkObjects: 2.649700 ms  DeleteObjects: 0.068100 ms)

AssetImportParameters requested are different than current active one (requested -> active):
  custom:graphics/normal-map-encoding: 01000000000000000000000000000000 -> 02000000000000000000000000000000
========================================================================
Received Prepare
Registering precompiled user dll's ...
Registered in 0.004831 seconds.
Begin MonoManager ReloadAssembly
Native extension for WindowsStandalone target not found
Native extension for WebGL target not found
Refreshing native plugins compatible for Editor in 0.75 ms, found 3 plugins.
Preloading 0 native plugins for Editor in 0.00 ms.
Mono: successfully reloaded assembly
- Completed reload, in  1.326 seconds
Platform modules already initialized, skipping
Switching build target platform(19) subTarget(0) extendedPlatform(0) -> platform(9) subTarget(16777218) extendedPlatform(0)
Refreshing native plugins compatible for Editor in 0.56 ms, found 3 plugins.
Preloading 0 native plugins for Editor in 0.00 ms.
Unloading 2183 Unused Serialized files (Serialized files now loaded: 0)
System memory in use before: 101.1 MB.
System memory in use after: 101.2 MB.

Unloading 29 unused Assets to reduce memory usage. Loaded Objects now: 2699.
Total: 2.414500 ms (FindLiveObjects: 0.228600 ms CreateObjectMapping: 0.101600 ms MarkObjects: 2.035500 ms  DeleteObjects: 0.047600 ms)

AssetImportParameters requested are different than current active one (requested -> active):
  custom:graphics/normal-map-encoding: 01000000000000000000000000000000 -> 02000000000000000000000000000000
========================================================================
Received Prepare
Registering precompiled user dll's ...
Registered in 0.004398 seconds.
Begin MonoManager ReloadAssembly
Native extension for WindowsStandalone target not found
Native extension for WebGL target not found
Refreshing native plugins compatible for Editor in 0.62 ms, found 3 plugins.
Preloading 0 native plugins for Editor in 0.00 ms.
Mono: successfully reloaded assembly
- Completed reload, in  1.309 seconds
Platform modules already initialized, skipping
Switching build target platform(19) subTarget(0) extendedPlatform(0) -> platform(9) subTarget(16777218) extendedPlatform(0)
Refreshing native plugins compatible for Editor in 0.68 ms, found 3 plugins.
Preloading 0 native plugins for Editor in 0.00 ms.
Unloading 2183 Unused Serialized files (Serialized files now loaded: 0)
System memory in use before: 101.1 MB.
System memory in use after: 101.3 MB.

Unloading 29 unused Assets to reduce memory usage. Loaded Objects now: 2703.
Total: 2.880100 ms (FindLiveObjects: 0.297800 ms CreateObjectMapping: 0.116100 ms MarkObjects: 2.378800 ms  DeleteObjects: 0.086000 ms)

AssetImportParameters requested are different than current active one (requested -> active):
  custom:graphics/normal-map-encoding: 01000000000000000000000000000000 -> 02000000000000000000000000000000
========================================================================
Received Prepare
Registering precompiled user dll's ...
Registered in 0.004685 seconds.
Begin MonoManager ReloadAssembly
Native extension for WindowsStandalone target not found
Native extension for WebGL target not found
Refreshing native plugins compatible for Editor in 0.62 ms, found 3 plugins.
Preloading 0 native plugins for Editor in 0.00 ms.
Mono: successfully reloaded assembly
- Completed reload, in  1.340 seconds
Platform modules already initialized, skipping
Switching build target platform(19) subTarget(0) extendedPlatform(0) -> platform(9) subTarget(16777218) extendedPlatform(0)
Refreshing native plugins compatible for Editor in 0.63 ms, found 3 plugins.
Preloading 0 native plugins for Editor in 0.00 ms.
Unloading 2183 Unused Serialized files (Serialized files now loaded: 0)
System memory in use before: 101.1 MB.
System memory in use after: 101.4 MB.

Unloading 29 unused Assets to reduce memory usage. Loaded Objects now: 2707.
Total: 3.504000 ms (FindLiveObjects: 0.394500 ms CreateObjectMapping: 0.136400 ms MarkObjects: 2.940800 ms  DeleteObjects: 0.030500 ms)

AssetImportParameters requested are different than current active one (requested -> active):
  custom:graphics/normal-map-encoding: 01000000000000000000000000000000 -> 02000000000000000000000000000000
========================================================================
Received Import Request.
  Time since last request: 647.679908 seconds.
  path: Assets/Resources/Prefab/Enemy.prefab
  artifactKey: Guid(abcf9ff2253f1494eb396216fcbf3421) Importer(815301076,1909f56bfc062723c751e8b465ee728b)
Start importing Assets/Resources/Prefab/Enemy.prefab using Guid(abcf9ff2253f1494eb396216fcbf3421) Importer(815301076,1909f56bfc062723c751e8b465ee728b)  -> (artifact id: '82d511189c7784cfab60fa3fdb638f56') in 0.070322 seconds
  Import took 0.075997 seconds .

========================================================================
Received Prepare
Registering precompiled user dll's ...
Registered in 0.006162 seconds.
Begin MonoManager ReloadAssembly
Native extension for WindowsStandalone target not found
Native extension for WebGL target not found
Refreshing native plugins compatible for Editor in 0.82 ms, found 3 plugins.
Preloading 0 native plugins for Editor in 0.00 ms.
Mono: successfully reloaded assembly
- Completed reload, in  1.383 seconds
Platform modules already initialized, skipping
Switching build target platform(19) subTarget(0) extendedPlatform(0) -> platform(9) subTarget(16777218) extendedPlatform(0)
Refreshing native plugins compatible for Editor in 0.64 ms, found 3 plugins.
Preloading 0 native plugins for Editor in 0.00 ms.
Unloading 2183 Unused Serialized files (Serialized files now loaded: 0)
System memory in use before: 101.2 MB.
System memory in use after: 101.4 MB.

Unloading 29 unused Assets to reduce memory usage. Loaded Objects now: 2712.
Total: 2.761400 ms (FindLiveObjects: 0.334000 ms CreateObjectMapping: 0.134400 ms MarkObjects: 2.250600 ms  DeleteObjects: 0.040700 ms)

AssetImportParameters requested are different than current active one (requested -> active):
  custom:graphics/normal-map-encoding: 01000000000000000000000000000000 -> 02000000000000000000000000000000
========================================================================
Received Prepare
Registering precompiled user dll's ...
Registered in 0.005842 seconds.
Begin MonoManager ReloadAssembly
Native extension for WindowsStandalone target not found
Native extension for WebGL target not found
Refreshing native plugins compatible for Editor in 0.66 ms, found 3 plugins.
Preloading 0 native plugins for Editor in 0.00 ms.
Mono: successfully reloaded assembly
- Completed reload, in  1.374 seconds
Platform modules already initialized, skipping
Switching build target platform(19) subTarget(0) extendedPlatform(0) -> platform(9) subTarget(16777218) extendedPlatform(0)
Refreshing native plugins compatible for Editor in 0.66 ms, found 3 plugins.
Preloading 0 native plugins for Editor in 0.00 ms.
Unloading 2183 Unused Serialized files (Serialized files now loaded: 0)
System memory in use before: 101.2 MB.
System memory in use after: 101.4 MB.

Unloading 29 unused Assets to reduce memory usage. Loaded Objects now: 2716.
Total: 3.252300 ms (FindLiveObjects: 0.251700 ms CreateObjectMapping: 0.116600 ms MarkObjects: 2.840400 ms  DeleteObjects: 0.042200 ms)

AssetImportParameters requested are different than current active one (requested -> active):
  custom:graphics/normal-map-encoding: 01000000000000000000000000000000 -> 02000000000000000000000000000000
========================================================================
Received Prepare
Registering precompiled user dll's ...
Registered in 0.004791 seconds.
Begin MonoManager ReloadAssembly
Native extension for WindowsStandalone target not found
Native extension for WebGL target not found
Refreshing native plugins compatible for Editor in 0.54 ms, found 3 plugins.
Preloading 0 native plugins for Editor in 0.00 ms.
Mono: successfully reloaded assembly
- Completed reload, in  1.339 seconds
Platform modules already initialized, skipping
Switching build target platform(19) subTarget(0) extendedPlatform(0) -> platform(9) subTarget(16777218) extendedPlatform(0)
Refreshing native plugins compatible for Editor in 0.57 ms, found 3 plugins.
Preloading 0 native plugins for Editor in 0.00 ms.
Unloading 2183 Unused Serialized files (Serialized files now loaded: 0)
System memory in use before: 101.2 MB.
System memory in use after: 101.4 MB.

Unloading 29 unused Assets to reduce memory usage. Loaded Objects now: 2720.
Total: 2.750200 ms (FindLiveObjects: 0.255700 ms CreateObjectMapping: 0.144300 ms MarkObjects: 2.291700 ms  DeleteObjects: 0.057000 ms)

AssetImportParameters requested are different than current active one (requested -> active):
  custom:graphics/normal-map-encoding: 01000000000000000000000000000000 -> 02000000000000000000000000000000
========================================================================
Received Prepare
Registering precompiled user dll's ...
Registered in 0.006536 seconds.
Begin MonoManager ReloadAssembly
Native extension for WindowsStandalone target not found
Native extension for WebGL target not found
Refreshing native plugins compatible for Editor in 0.65 ms, found 3 plugins.
Preloading 0 native plugins for Editor in 0.00 ms.
Mono: successfully reloaded assembly
- Completed reload, in  1.371 seconds
Platform modules already initialized, skipping
Switching build target platform(19) subTarget(0) extendedPlatform(0) -> platform(9) subTarget(16777218) extendedPlatform(0)
Refreshing native plugins compatible for Editor in 0.58 ms, found 3 plugins.
Preloading 0 native plugins for Editor in 0.00 ms.
Unloading 2183 Unused Serialized files (Serialized files now loaded: 0)
System memory in use before: 101.2 MB.
System memory in use after: 101.4 MB.

Unloading 29 unused Assets to reduce memory usage. Loaded Objects now: 2724.
Total: 2.569000 ms (FindLiveObjects: 0.243500 ms CreateObjectMapping: 0.092800 ms MarkObjects: 2.173400 ms  DeleteObjects: 0.058300 ms)

AssetImportParameters requested are different than current active one (requested -> active):
  custom:graphics/normal-map-encoding: 01000000000000000000000000000000 -> 02000000000000000000000000000000
========================================================================
Received Prepare
Registering precompiled user dll's ...
Registered in 0.006852 seconds.
Begin MonoManager ReloadAssembly
Native extension for WindowsStandalone target not found
Native extension for WebGL target not found
Refreshing native plugins compatible for Editor in 0.54 ms, found 3 plugins.
Preloading 0 native plugins for Editor in 0.00 ms.
Mono: successfully reloaded assembly
- Completed reload, in  1.344 seconds
Platform modules already initialized, skipping
Switching build target platform(19) subTarget(0) extendedPlatform(0) -> platform(9) subTarget(16777218) extendedPlatform(0)
Refreshing native plugins compatible for Editor in 0.56 ms, found 3 plugins.
Preloading 0 native plugins for Editor in 0.00 ms.
Unloading 2183 Unused Serialized files (Serialized files now loaded: 0)
System memory in use before: 101.2 MB.
System memory in use after: 101.4 MB.

Unloading 29 unused Assets to reduce memory usage. Loaded Objects now: 2728.
Total: 2.624600 ms (FindLiveObjects: 0.242700 ms CreateObjectMapping: 0.089000 ms MarkObjects: 2.238500 ms  DeleteObjects: 0.053300 ms)

AssetImportParameters requested are different than current active one (requested -> active):
  custom:graphics/normal-map-encoding: 01000000000000000000000000000000 -> 02000000000000000000000000000000
========================================================================
Received Prepare
Registering precompiled user dll's ...
Registered in 0.005964 seconds.
Begin MonoManager ReloadAssembly
Native extension for WindowsStandalone target not found
Native extension for WebGL target not found
Refreshing native plugins compatible for Editor in 0.65 ms, found 3 plugins.
Preloading 0 native plugins for Editor in 0.00 ms.
Mono: successfully reloaded assembly
- Completed reload, in  1.455 seconds
Platform modules already initialized, skipping
Switching build target platform(19) subTarget(0) extendedPlatform(0) -> platform(9) subTarget(16777218) extendedPlatform(0)
Refreshing native plugins compatible for Editor in 0.74 ms, found 3 plugins.
Preloading 0 native plugins for Editor in 0.00 ms.
Unloading 2183 Unused Serialized files (Serialized files now loaded: 0)
System memory in use before: 101.2 MB.
System memory in use after: 101.4 MB.

Unloading 29 unused Assets to reduce memory usage. Loaded Objects now: 2732.
Total: 2.981400 ms (FindLiveObjects: 0.279200 ms CreateObjectMapping: 0.108100 ms MarkObjects: 2.534600 ms  DeleteObjects: 0.058000 ms)

AssetImportParameters requested are different than current active one (requested -> active):
  custom:graphics/normal-map-encoding: 01000000000000000000000000000000 -> 02000000000000000000000000000000
========================================================================
Received Prepare
Refreshing native plugins compatible for Editor in 11.65 ms, found 3 plugins.
Preloading 0 native plugins for Editor in 0.00 ms.
Unloading 27 Unused Serialized files (Serialized files now loaded: 0)
System memory in use before: 58.7 MB.
System memory in use after: 58.9 MB.

Unloading 27 unused Assets to reduce memory usage. Loaded Objects now: 2732.
Total: 4.984700 ms (FindLiveObjects: 0.393400 ms CreateObjectMapping: 0.277500 ms MarkObjects: 4.273300 ms  DeleteObjects: 0.038700 ms)

========================================================================
Received Prepare
Refreshing native plugins compatible for Editor in 7.23 ms, found 3 plugins.
Preloading 0 native plugins for Editor in 0.00 ms.
Unloading 27 Unused Serialized files (Serialized files now loaded: 0)
System memory in use before: 58.7 MB.
System memory in use after: 58.9 MB.

Unloading 27 unused Assets to reduce memory usage. Loaded Objects now: 2732.
Total: 3.950500 ms (FindLiveObjects: 0.249900 ms CreateObjectMapping: 0.125900 ms MarkObjects: 3.506800 ms  DeleteObjects: 0.066900 ms)

AssetImportWorkerClient::OnTransportError - code=2 error=End of file
